00:47:02.033 - [main] WARN SipperDaemon.java L24 - usage: java -jar SipperDaemon.jar configFilePath
00:47:02.034 - [main] WARN SipperDaemon.java L25 - use default config ...
00:47:02.035 - [main] ERROR SipperDaemon.java L51 - load config file sipper-config.yml error: 
java.nio.file.NoSuchFileException: sipper-config.yml
	at java.base/sun.nio.fs.UnixException.translateToIOException(UnixException.java:92)
	at java.base/sun.nio.fs.UnixException.rethrowAsIOException(UnixException.java:111)
	at java.base/sun.nio.fs.UnixException.rethrowAsIOException(UnixException.java:116)
	at java.base/sun.nio.fs.UnixFileSystemProvider.newByteChannel(UnixFileSystemProvider.java:219)
	at java.base/java.nio.file.Files.newByteChannel(Files.java:370)
	at java.base/java.nio.file.Files.newByteChannel(Files.java:421)
	at java.base/java.nio.file.spi.FileSystemProvider.newInputStream(FileSystemProvider.java:420)
	at java.base/java.nio.file.Files.newInputStream(Files.java:155)
	at org.qunqun.ffvms.sipper.SipperDaemon.loadSipConfig(SipperDaemon.java:46)
	at org.qunqun.ffvms.sipper.SipperDaemon.main(SipperDaemon.java:30)
00:48:08.352 - [main] WARN SipperDaemon.java L24 - usage: java -jar SipperDaemon.jar configFilePath
00:48:08.354 - [main] WARN SipperDaemon.java L25 - use default config ...
00:48:08.354 - [main] INFO SipperDaemon.java L48 - load config file /home/icefe/workspace/ffvms/java/ffvms-sipper/src/main/resources/sipper-config.yml ...
00:48:08.430 - [main] INFO SipServer.java L136 - start sip server on port 5060 ...
00:48:08.788 - [main] INFO SipRpcServer.java L45 - start grpc server on port 10132 ...
00:48:08.877 - [main] INFO SipHttpServer.java L34 - start http server on port 8083 ...
01:54:08.984 - [main] WARN SipperDaemon.java L24 - usage: java -jar SipperDaemon.jar configFilePath
01:54:08.986 - [main] WARN SipperDaemon.java L25 - use default config ...
01:54:08.986 - [main] INFO SipperDaemon.java L48 - load config file /home/icefe/workspace/ffvms/java/ffvms-sipper/src/main/resources/sipper-config.yml ...
01:54:09.060 - [main] INFO SipServer.java L136 - start sip server on port 5060 ...
01:54:09.247 - [main] ERROR SipServer.java L140 - start sip server on port 5060 failed
javax.sip.InvalidArgumentException: Address already in use (Bind failed)
	at gov.nist.javax.sip.SipStackImpl.createListeningPoint(SipStackImpl.java:1677)
	at org.qunqun.ffvms.sipper.sipserver.sip.SipServer.init(SipServer.java:120)
	at org.qunqun.ffvms.sipper.sipserver.sip.SipServer.getInstance(SipServer.java:138)
	at org.qunqun.ffvms.sipper.SipperDaemon.main(SipperDaemon.java:33)
Caused by: java.net.BindException: Address already in use (Bind failed)
	at java.base/java.net.PlainSocketImpl.socketBind(Native Method)
	at java.base/java.net.AbstractPlainSocketImpl.bind(AbstractPlainSocketImpl.java:436)
	at java.base/java.net.ServerSocket.bind(ServerSocket.java:395)
	at java.base/java.net.ServerSocket.<init>(ServerSocket.java:257)
	at gov.nist.core.net.DefaultNetworkLayer.createServerSocket(DefaultNetworkLayer.java:75)
	at gov.nist.javax.sip.stack.TCPMessageProcessor.start(TCPMessageProcessor.java:86)
	at gov.nist.javax.sip.SipStackImpl.createListeningPoint(SipStackImpl.java:1670)
	... 3 common frames omitted
01:54:26.101 - [main] WARN SipperDaemon.java L24 - usage: java -jar SipperDaemon.jar configFilePath
01:54:26.102 - [main] WARN SipperDaemon.java L25 - use default config ...
01:54:26.102 - [main] INFO SipperDaemon.java L48 - load config file /home/icefe/workspace/ffvms/java/ffvms-sipper/src/main/resources/sipper-config.yml ...
01:54:26.191 - [main] INFO SipServer.java L136 - start sip server on port 5060 ...
01:54:26.533 - [main] INFO SipRpcServer.java L45 - start grpc server on port 10132 ...
01:54:26.635 - [main] INFO SipHttpServer.java L34 - start http server on port 8083 ...
23:10:01.128 - [main] WARN SipperDaemon.java L24 - usage: java -jar SipperDaemon.jar configFilePath
23:10:01.129 - [main] WARN SipperDaemon.java L25 - use default config ...
23:10:01.130 - [main] INFO SipperDaemon.java L48 - load config file /home/icefe/workspace/ffvms/java/ffvms-sipper/src/main/resources/sipper-config.yml ...
23:10:01.203 - [main] INFO SipServer.java L136 - start sip server on port 5060 ...
23:10:01.518 - [main] INFO SipRpcServer.java L45 - start grpc server on port 10132 ...
23:10:01.612 - [main] INFO SipHttpServer.java L34 - start http server on port 8083 ...
23:10:48.961 - [grpc-nio-worker-ELG-3-2] INFO SipServiceImpl.java L138 - 1111111111111111111
23:22:42.352 - [main] WARN SipperDaemon.java L24 - usage: java -jar SipperDaemon.jar configFilePath
23:22:42.353 - [main] WARN SipperDaemon.java L25 - use default config ...
23:22:42.353 - [main] INFO SipperDaemon.java L48 - load config file /home/icefe/workspace/ffvms/java/ffvms-sipper/src/main/resources/sipper-config.yml ...
23:22:42.427 - [main] INFO SipServer.java L136 - start sip server on port 5060 ...
23:22:42.752 - [main] INFO SipRpcServer.java L45 - start grpc server on port 10132 ...
23:22:42.854 - [main] INFO SipHttpServer.java L34 - start http server on port 8083 ...
23:22:47.106 - [grpc-nio-worker-ELG-3-1] INFO SipServiceImpl.java L138 - 1111111111111111111
23:29:14.564 - [grpc-nio-worker-ELG-3-2] INFO SipServiceImpl.java L138 - 1111111111111111111
23:29:14.564 - [grpc-nio-worker-ELG-3-2] INFO SipServiceImpl.java L142 - cameraid: 12345678
23:57:06.350 - [main] WARN SipperDaemon.java L24 - usage: java -jar SipperDaemon.jar configFilePath
23:57:06.352 - [main] WARN SipperDaemon.java L25 - use default config ...
23:57:06.352 - [main] INFO SipperDaemon.java L48 - load config file /home/icefe/workspace/ffvms/java/ffvms-sipper/src/main/resources/sipper-config.yml ...
23:57:06.424 - [main] INFO SipServer.java L136 - start sip server on port 5060 ...
23:57:06.767 - [main] INFO SipRpcServer.java L45 - start grpc server on port 10132 ...
23:57:06.871 - [main] INFO SipHttpServer.java L34 - start http server on port 8083 ...
23:57:27.028 - [grpc-nio-worker-ELG-3-1] INFO SipServiceImpl.java L141 - cameraid: cameraId: "12345678"
receiveIP: "127.0.0.1"
receivePort: 7000
speed: 1

